[debug] [2020-10-14T18:48:04.104Z] ----------------------------------------------------------------------
[debug] [2020-10-14T18:48:04.106Z] Command:       C:\Program Files\nodejs\node.exe C:\Users\sarahlee\AppData\Roaming\npm\node_modules\firebase-tools\lib\bin\firebase.js deploy --only hosting:app-test
[debug] [2020-10-14T18:48:04.106Z] CLI Version:   8.12.1
[debug] [2020-10-14T18:48:04.106Z] Platform:      win32
[debug] [2020-10-14T18:48:04.106Z] Node Version:  v12.14.0
[debug] [2020-10-14T18:48:04.107Z] Time:          Wed Oct 14 2020 11:48:04 GMT-0700 (Pacific Daylight Time)
[debug] [2020-10-14T18:48:04.108Z] ----------------------------------------------------------------------
[debug] [2020-10-14T18:48:04.108Z] 
[debug] [2020-10-14T18:48:04.114Z] > command requires scopes: ["email","openid","https://www.googleapis.com/auth/cloudplatformprojects.readonly","https://www.googleapis.com/auth/firebase","https://www.googleapis.com/auth/cloud-platform"]
[debug] [2020-10-14T18:48:04.114Z] > authorizing via signed-in user
[debug] [2020-10-14T18:48:04.114Z] [iam] checking project evidence-extraction-544ea for permissions ["firebase.projects.get","firebasehosting.sites.update"]
[debug] [2020-10-14T18:48:04.117Z] >>> HTTP REQUEST POST https://cloudresourcemanager.googleapis.com/v1/projects/evidence-extraction-544ea:testIamPermissions  
 {"permissions":["firebase.projects.get","firebasehosting.sites.update"]}
[debug] [2020-10-14T18:48:04.208Z] <<< HTTP RESPONSE 200 {"content-type":"application/json; charset=UTF-8","vary":"X-Origin, Referer, Origin,Accept-Encoding","date":"Wed, 14 Oct 2020 18:48:04 GMT","server":"ESF","cache-control":"private","x-xss-protection":"0","x-frame-options":"SAMEORIGIN","x-content-type-options":"nosniff","server-timing":"gfet4t7; dur=40","alt-svc":"h3-Q050=\":443\"; ma=2592000,h3-29=\":443\"; ma=2592000,h3-27=\":443\"; ma=2592000,h3-T051=\":443\"; ma=2592000,h3-T050=\":443\"; ma=2592000,h3-Q046=\":443\"; ma=2592000,h3-Q043=\":443\"; ma=2592000,quic=\":443\"; ma=2592000; v=\"46,43\"","accept-ranges":"none","transfer-encoding":"chunked"}
[debug] [2020-10-14T18:48:04.209Z] >>> HTTP REQUEST GET https://firebase.googleapis.com/v1beta1/projects/evidence-extraction-544ea  
 
[debug] [2020-10-14T18:48:04.330Z] <<< HTTP RESPONSE 200 {"content-type":"application/json; charset=UTF-8","vary":"X-Origin, Referer, Origin,Accept-Encoding","date":"Wed, 14 Oct 2020 18:48:04 GMT","server":"ESF","cache-control":"private","x-xss-protection":"0","x-frame-options":"SAMEORIGIN","x-content-type-options":"nosniff","alt-svc":"h3-Q050=\":443\"; ma=2592000,h3-29=\":443\"; ma=2592000,h3-27=\":443\"; ma=2592000,h3-T051=\":443\"; ma=2592000,h3-T050=\":443\"; ma=2592000,h3-Q046=\":443\"; ma=2592000,h3-Q043=\":443\"; ma=2592000,quic=\":443\"; ma=2592000; v=\"46,43\"","accept-ranges":"none","transfer-encoding":"chunked"}
[info] 
[info] === Deploying to 'evidence-extraction-544ea'...
[info] 
[info] i  deploying hosting 
[debug] [2020-10-14T18:48:04.336Z] >>> HTTP REQUEST POST https://firebasehosting.googleapis.com/v1beta1/sites/evidence-extraction-test/versions  
 {"config":{"rewrites":[{"glob":"**","path":"/index.html"}]},"labels":{"deployment-tool":"cli-firebase"}}
[debug] [2020-10-14T18:48:05.463Z] <<< HTTP RESPONSE 200 {"content-type":"application/json; charset=UTF-8","vary":"X-Origin, Referer, Origin,Accept-Encoding","date":"Wed, 14 Oct 2020 18:48:05 GMT","server":"ESF","cache-control":"private","x-xss-protection":"0","x-frame-options":"SAMEORIGIN","x-content-type-options":"nosniff","alt-svc":"h3-Q050=\":443\"; ma=2592000,h3-29=\":443\"; ma=2592000,h3-27=\":443\"; ma=2592000,h3-T051=\":443\"; ma=2592000,h3-T050=\":443\"; ma=2592000,h3-Q046=\":443\"; ma=2592000,h3-Q043=\":443\"; ma=2592000,quic=\":443\"; ma=2592000; v=\"46,43\"","accept-ranges":"none","transfer-encoding":"chunked"}
[info] i  hosting[evidence-extraction-test]: beginning deploy... 
[debug] [2020-10-14T18:48:05.502Z] Error: EPERM: operation not permitted, scandir 'c:/Projects/CKM_PhaseII/ckm2/www/public/firebase-debug.log'
    at Object.readdirSync (fs.js:854:3)
    at GlobSync._readdir (C:\Users\sarahlee\AppData\Roaming\npm\node_modules\firebase-tools\node_modules\glob\sync.js:288:41)
    at GlobSync._readdirInGlobStar (C:\Users\sarahlee\AppData\Roaming\npm\node_modules\firebase-tools\node_modules\glob\sync.js:245:17)
    at GlobSync._readdir (C:\Users\sarahlee\AppData\Roaming\npm\node_modules\firebase-tools\node_modules\glob\sync.js:276:17)
    at GlobSync._processReaddir (C:\Users\sarahlee\AppData\Roaming\npm\node_modules\firebase-tools\node_modules\glob\sync.js:137:22)
    at GlobSync._process (C:\Users\sarahlee\AppData\Roaming\npm\node_modules\firebase-tools\node_modules\glob\sync.js:132:10)
    at GlobSync._processGlobStar (C:\Users\sarahlee\AppData\Roaming\npm\node_modules\firebase-tools\node_modules\glob\sync.js:380:10)
    at GlobSync._process (C:\Users\sarahlee\AppData\Roaming\npm\node_modules\firebase-tools\node_modules\glob\sync.js:130:10)
    at new GlobSync (C:\Users\sarahlee\AppData\Roaming\npm\node_modules\firebase-tools\node_modules\glob\sync.js:48:10)
    at Function.globSync [as sync] (C:\Users\sarahlee\AppData\Roaming\npm\node_modules\firebase-tools\node_modules\glob\sync.js:26:10)
    at listFiles (C:\Users\sarahlee\AppData\Roaming\npm\node_modules\firebase-tools\lib\listFiles.js:6:19)
    at _runDeploys (C:\Users\sarahlee\AppData\Roaming\npm\node_modules\firebase-tools\lib\deploy\hosting\deploy.js:30:23)
    at module.exports (C:\Users\sarahlee\AppData\Roaming\npm\node_modules\firebase-tools\lib\deploy\hosting\deploy.js:66:12)
    at _chain (C:\Users\sarahlee\AppData\Roaming\npm\node_modules\firebase-tools\lib\deploy\index.js:23:40)
    at C:\Users\sarahlee\AppData\Roaming\npm\node_modules\firebase-tools\lib\deploy\index.js:67:16
    at processTicksAndRejections (internal/process/task_queues.js:93:5)
[error] 
[error] Error: An unexpected error has occurred.
